{"C:\\Users\\kwent\\Desktop\\Microverse\\Module 2\\JavaScript-Capstone-Project\\test\\countComment.js": {"path":"C:\\Users\\kwent\\Desktop\\Microverse\\Module 2\\JavaScript-Capstone-Project\\test\\countComment.js","statementMap":{"0":{"start":{"line":1,"column":21},"end":{"line":6,"column":1}},"1":{"start":{"line":2,"column":25},"end":{"line":2,"column":67}},"2":{"start":{"line":3,"column":22},"end":{"line":3,"column":70}},"3":{"start":{"line":5,"column":2},"end":{"line":5,"column":21}}},"fnMap":{"0":{"name":"(anonymous_0)","decl":{"start":{"line":1,"column":21},"end":{"line":1,"column":22}},"loc":{"start":{"line":1,"column":27},"end":{"line":6,"column":1}},"line":1}},"branchMap":{},"s":{"0":1,"1":1,"2":1,"3":1},"f":{"0":1},"b":{},"_coverageSchema":"1a1c01bbd47fc00a2c39e90264f33305004495a9","hash":"a746020d8c2a025e4a5088432697e9e99a72e9a4"}
,"C:\\Users\\kwent\\Desktop\\Microverse\\Module 2\\JavaScript-Capstone-Project\\test\\moviecount.js": {"path":"C:\\Users\\kwent\\Desktop\\Microverse\\Module 2\\JavaScript-Capstone-Project\\test\\moviecount.js","statementMap":{"0":{"start":{"line":1,"column":20},"end":{"line":5,"column":1}},"1":{"start":{"line":2,"column":25},"end":{"line":2,"column":62}},"2":{"start":{"line":3,"column":22},"end":{"line":3,"column":75}},"3":{"start":{"line":4,"column":2},"end":{"line":4,"column":21}}},"fnMap":{"0":{"name":"(anonymous_0)","decl":{"start":{"line":1,"column":20},"end":{"line":1,"column":21}},"loc":{"start":{"line":1,"column":26},"end":{"line":5,"column":1}},"line":1}},"branchMap":{},"s":{"0":1,"1":1,"2":1,"3":1},"f":{"0":1},"b":{},"_coverageSchema":"1a1c01bbd47fc00a2c39e90264f33305004495a9","hash":"e61de33ed2277158617bb145f460380b992a518d"}
}
