{"/Users/huseyinbiyik/repos/JavaScript-Capstone-Project/test/countComment.js": {"path":"/Users/huseyinbiyik/repos/JavaScript-Capstone-Project/test/countComment.js","statementMap":{"0":{"start":{"line":3,"column":21},"end":{"line":10,"column":1}},"1":{"start":{"line":4,"column":28},"end":{"line":4,"column":67}},"2":{"start":{"line":6,"column":25},"end":{"line":6,"column":67}},"3":{"start":{"line":7,"column":22},"end":{"line":7,"column":70}},"4":{"start":{"line":9,"column":2},"end":{"line":9,"column":21}}},"fnMap":{"0":{"name":"(anonymous_0)","decl":{"start":{"line":3,"column":21},"end":{"line":3,"column":22}},"loc":{"start":{"line":3,"column":27},"end":{"line":10,"column":1}},"line":3}},"branchMap":{},"s":{"0":1,"1":1,"2":1,"3":1,"4":0},"f":{"0":1},"b":{},"_coverageSchema":"1a1c01bbd47fc00a2c39e90264f33305004495a9","hash":"3817a7e210f1b84f655e80d249e716f1fb82d374"}
}
